<?xml version="1.0" encoding="UTF-8"?>
<!-- Generated by org.testng.reporters.JUnitXMLReporter -->
<testsuite ignored="0" hostname="C8099" failures="0" tests="12" name="Command line test" time="8.164" errors="0" timestamp="2025-12-02T07:52:34 EST">
  <testcase classname="com.testing.tests.retrofit.BoardTestsRetrofit" name="testCreateBoard" time="1.188"/>
  <testcase classname="com.testing.tests.retrofit.BoardTestsRetrofit" name="testGetBoard" time="0.137"/>
  <testcase classname="com.testing.tests.retrofit.BoardTestsRetrofit" name="testUpdateBoard" time="0.532"/>
  <testcase classname="com.testing.tests.retrofit.BoardTestsRetrofit" name="testDeleteBoard" time="0.609"/>
  <testcase classname="com.testing.tests.restassured.boardTestsRestAssured" name="testCreateBoard" time="1.82"/>
  <testcase classname="com.testing.tests.restassured.boardTestsRestAssured" name="testGetBoard" time="0.28"/>
  <testcase classname="com.testing.tests.restassured.boardTestsRestAssured" name="testUpdateBoard" time="0.473"/>
  <testcase classname="com.testing.tests.restassured.boardTestsRestAssured" name="testDeleteBoard" time="0.889"/>
  <testcase classname="com.testing.tests.okhttp.BoardTestsOkHttp" name="testCreateBoard" time="0.498"/>
  <testcase classname="com.testing.tests.okhttp.BoardTestsOkHttp" name="testGetBoard" time="0.502"/>
  <testcase classname="com.testing.tests.okhttp.BoardTestsOkHttp" name="testUpdateBoard" time="0.338"/>
  <testcase classname="com.testing.tests.okhttp.BoardTestsOkHttp" name="testDeleteBoard" time="0.745"/>
</testsuite> <!-- Command line test -->
