<?xml version="1.0" encoding="UTF-8"?>
<!-- Generated by org.testng.reporters.JUnitReportReporter -->
<testsuite hostname="C8099" failures="0" tests="4" name="com.testing.tests.restassured.boardTestsRestAssured" time="3.462" errors="0" timestamp="2025-12-02T07:52:35 EST" skipped="0">
  <testcase classname="com.testing.tests.restassured.boardTestsRestAssured" name="testGetBoard" time="0.280"/>
  <testcase classname="com.testing.tests.restassured.boardTestsRestAssured" name="testCreateBoard" time="1.820"/>
  <testcase classname="com.testing.tests.restassured.boardTestsRestAssured" name="testDeleteBoard" time="0.889"/>
  <testcase classname="com.testing.tests.restassured.boardTestsRestAssured" name="testUpdateBoard" time="0.473"/>
</testsuite> <!-- com.testing.tests.restassured.boardTestsRestAssured -->
