<?xml version="1.0" encoding="UTF-8"?>
<!-- Generated by org.testng.reporters.JUnitReportReporter -->
<testsuite hostname="C8099" failures="0" tests="4" name="com.testing.tests.okhttp.BoardTestsOkHttp" time="2.083" errors="0" timestamp="2025-12-02T07:52:35 EST" skipped="0">
  <testcase classname="com.testing.tests.okhttp.BoardTestsOkHttp" name="testDeleteBoard" time="0.745"/>
  <testcase classname="com.testing.tests.okhttp.BoardTestsOkHttp" name="testGetBoard" time="0.502"/>
  <testcase classname="com.testing.tests.okhttp.BoardTestsOkHttp" name="testUpdateBoard" time="0.338"/>
  <testcase classname="com.testing.tests.okhttp.BoardTestsOkHttp" name="testCreateBoard" time="0.498"/>
</testsuite> <!-- com.testing.tests.okhttp.BoardTestsOkHttp -->
