<?xml version="1.0" encoding="UTF-8"?>
<!-- Generated by org.testng.reporters.JUnitReportReporter -->
<testsuite hostname="C8099" failures="0" tests="4" name="com.testing.tests.retrofit.BoardTestsRetrofit" time="2.466" errors="0" timestamp="2025-12-02T07:52:35 EST" skipped="0">
  <testcase classname="com.testing.tests.retrofit.BoardTestsRetrofit" name="testUpdateBoard" time="0.532"/>
  <testcase classname="com.testing.tests.retrofit.BoardTestsRetrofit" name="testCreateBoard" time="1.188"/>
  <testcase classname="com.testing.tests.retrofit.BoardTestsRetrofit" name="testGetBoard" time="0.137"/>
  <testcase classname="com.testing.tests.retrofit.BoardTestsRetrofit" name="testDeleteBoard" time="0.609"/>
</testsuite> <!-- com.testing.tests.retrofit.BoardTestsRetrofit -->
